# JRE version: Java(TM) SE Runtime Environment (8.0_91-b14) (build 1.8.0_91-b14)
# Java VM: Java HotSpot(TM) 64-Bit Server VM (25.91-b14 mixed mode windows-amd64 compressed oops)
Heap:
 PSYoungGen      total 38400K, used 16765K [0x00000000eab00000, 0x00000000ee380000, 0x0000000100000000)
  eden space 33280K, 35% used [0x00000000eab00000,0x00000000eb660840,0x00000000ecb80000)
  from space 5120K, 99% used [0x00000000ed080000,0x00000000ed57edc0,0x00000000ed580000)
  to   space 5120K, 0% used [0x00000000ecb80000,0x00000000ecb80000,0x00000000ed080000)
 ParOldGen       total 49664K, used 2108K [0x00000000c0000000, 0x00000000c3080000, 0x00000000eab00000)
  object space 49664K, 4% used [0x00000000c0000000,0x00000000c020f290,0x00000000c3080000)
 Metaspace       used 6128K, capacity 6964K, committed 7040K, reserved 1058816K
  class space    used 605K, capacity 620K, committed 640K, reserved 1048576K
GC Heap History (6 events):
Event: 0.327 GC heap before
{Heap before GC invocations=1 (full 0):
 PSYoungGen      total 38400K, used 9341K [0x00000000eab00000, 0x00000000ed580000, 0x0000000100000000)
  eden space 33280K, 28% used [0x00000000eab00000,0x00000000eb41f728,0x00000000ecb80000)
  from space 5120K, 0% used [0x00000000ed080000,0x00000000ed080000,0x00000000ed580000)
  to   space 5120K, 0% used [0x00000000ecb80000,0x00000000ecb80000,0x00000000ed080000)
 ParOldGen       total 87552K, used 0K [0x00000000c0000000, 0x00000000c5580000, 0x00000000eab00000)
  object space 87552K, 0% used [0x00000000c0000000,0x00000000c0000000,0x00000000c5580000)
 Metaspace       used 3928K, capacity 5040K, committed 5120K, reserved 1060864K
  class space    used 440K, capacity 488K, committed 512K, reserved 1048576K
Event: 0.354 GC heap after
Heap after GC invocations=1 (full 0):
 PSYoungGen      total 38400K, used 1396K [0x00000000eab00000, 0x00000000ed580000, 0x0000000100000000)
  eden space 33280K, 0% used [0x00000000eab00000,0x00000000eab00000,0x00000000ecb80000)
  from space 5120K, 27% used [0x00000000ecb80000,0x00000000eccdd2c8,0x00000000ed080000)
  to   space 5120K, 0% used [0x00000000ed080000,0x00000000ed080000,0x00000000ed580000)
 ParOldGen       total 87552K, used 8K [0x00000000c0000000, 0x00000000c5580000, 0x00000000eab00000)
  object space 87552K, 0% used [0x00000000c0000000,0x00000000c0002000,0x00000000c5580000)
 Metaspace       used 3928K, capacity 5040K, committed 5120K, reserved 1060864K
  class space    used 440K, capacity 488K, committed 512K, reserved 1048576K
}
Event: 0.354 GC heap before
{Heap before GC invocations=2 (full 1):
 PSYoungGen      total 38400K, used 1396K [0x00000000eab00000, 0x00000000ed580000, 0x0000000100000000)
  eden space 33280K, 0% used [0x00000000eab00000,0x00000000eab00000,0x00000000ecb80000)
  from space 5120K, 27% used [0x00000000ecb80000,0x00000000eccdd2c8,0x00000000ed080000)
  to   space 5120K, 0% used [0x00000000ed080000,0x00000000ed080000,0x00000000ed580000)
 ParOldGen       total 87552K, used 8K [0x00000000c0000000, 0x00000000c5580000, 0x00000000eab00000)
  object space 87552K, 0% used [0x00000000c0000000,0x00000000c0002000,0x00000000c5580000)
 Metaspace       used 3928K, capacity 5040K, committed 5120K, reserved 1060864K
  class space    used 440K, capacity 488K, committed 512K, reserved 1048576K
Event: 0.377 GC heap after
Heap after GC invocations=2 (full 1):
 PSYoungGen      total 38400K, used 0K [0x00000000eab00000, 0x00000000ed580000, 0x0000000100000000)
  eden space 33280K, 0% used [0x00000000eab00000,0x00000000eab00000,0x00000000ecb80000)
  from space 5120K, 0% used [0x00000000ecb80000,0x00000000ecb80000,0x00000000ed080000)
  to   space 5120K, 0% used [0x00000000ed080000,0x00000000ed080000,0x00000000ed580000)
 ParOldGen       total 49664K, used 1246K [0x00000000c0000000, 0x00000000c3080000, 0x00000000eab00000)
  object space 49664K, 2% used [0x00000000c0000000,0x00000000c0137810,0x00000000c3080000)
 Metaspace       used 3928K, capacity 5040K, committed 5120K, reserved 1058816K
  class space    used 440K, capacity 488K, committed 512K, reserved 1048576K
}
Event: 0.990 GC heap before
{Heap before GC invocations=3 (full 1):
 PSYoungGen      total 38400K, used 33280K [0x00000000eab00000, 0x00000000ed580000, 0x0000000100000000)
  eden space 33280K, 100% used [0x00000000eab00000,0x00000000ecb80000,0x00000000ecb80000)
  from space 5120K, 0% used [0x00000000ecb80000,0x00000000ecb80000,0x00000000ed080000)
  to   space 5120K, 0% used [0x00000000ed080000,0x00000000ed080000,0x00000000ed580000)
 ParOldGen       total 49664K, used 1246K [0x00000000c0000000, 0x00000000c3080000, 0x00000000eab00000)
  object space 49664K, 2% used [0x00000000c0000000,0x00000000c0137810,0x00000000c3080000)
 Metaspace       used 6071K, capacity 6964K, committed 7040K, reserved 1058816K
  class space    used 602K, capacity 620K, committed 640K, reserved 1048576K
Event: 1.000 GC heap after
Heap after GC invocations=3 (full 1):
 PSYoungGen      total 38400K, used 5115K [0x00000000eab00000, 0x00000000ee380000, 0x0000000100000000)
  eden space 33280K, 0% used [0x00000000eab00000,0x00000000eab00000,0x00000000ecb80000)
  from space 5120K, 99% used [0x00000000ed080000,0x00000000ed57edc0,0x00000000ed580000)
  to   space 5120K, 0% used [0x00000000ecb80000,0x00000000ecb80000,0x00000000ed080000)
 ParOldGen       total 49664K, used 2108K [0x00000000c0000000, 0x00000000c3080000, 0x00000000eab00000)
  object space 49664K, 4% used [0x00000000c0000000,0x00000000c020f290,0x00000000c3080000)
 Metaspace       used 6071K, capacity 6964K, committed 7040K, reserved 1058816K
  class space    used 602K, capacity 620K, committed 640K, reserved 1048576K
}

